Analysis & Synthesis report for aes-core
Thu Jun  9 14:33:04 2022
Quartus II 32-bit Version 13.0.1 Build 232 06/12/2013 Service Pack 1 SJ Web Edition


---------------------
; Table of Contents ;
---------------------
  1. Legal Notice
  2. Analysis & Synthesis Summary
  3. Analysis & Synthesis Settings
  4. Parallel Compilation
  5. Analysis & Synthesis Source Files Read
  6. Analysis & Synthesis Resource Usage Summary
  7. Analysis & Synthesis Resource Utilization by Entity
  8. Registers Removed During Synthesis
  9. General Register Statistics
 10. Multiplexer Restructuring Statistics (Restructuring Performed)
 11. Port Connectivity Checks: "key_expander:expand_key"
 12. Elapsed Time Per Partition
 13. Analysis & Synthesis Messages



----------------
; Legal Notice ;
----------------
Copyright (C) 1991-2013 Altera Corporation
Your use of Altera Corporation's design tools, logic functions 
and other software and tools, and its AMPP partner logic 
functions, and any output files from any of the foregoing 
(including device programming or simulation files), and any 
associated documentation or information are expressly subject 
to the terms and conditions of the Altera Program License 
Subscription Agreement, Altera MegaCore Function License 
Agreement, or other applicable license agreement, including, 
without limitation, that your use is for the sole purpose of 
programming logic devices manufactured by Altera and sold by 
Altera or its authorized distributors.  Please refer to the 
applicable agreement for further details.



+--------------------------------------------------------------------------------------+
; Analysis & Synthesis Summary                                                         ;
+------------------------------------+-------------------------------------------------+
; Analysis & Synthesis Status        ; Successful - Thu Jun  9 14:33:04 2022           ;
; Quartus II 32-bit Version          ; 13.0.1 Build 232 06/12/2013 SP 1 SJ Web Edition ;
; Revision Name                      ; aes-core                                        ;
; Top-level Entity Name              ; aes128_fast                                     ;
; Family                             ; Cyclone II                                      ;
; Total logic elements               ; 9,568                                           ;
;     Total combinational functions  ; 9,308                                           ;
;     Dedicated logic registers      ; 786                                             ;
; Total registers                    ; 786                                             ;
; Total pins                         ; 262                                             ;
; Total virtual pins                 ; 0                                               ;
; Total memory bits                  ; 0                                               ;
; Embedded Multiplier 9-bit elements ; 0                                               ;
; Total PLLs                         ; 0                                               ;
+------------------------------------+-------------------------------------------------+


+----------------------------------------------------------------------------------------------------------------------+
; Analysis & Synthesis Settings                                                                                        ;
+----------------------------------------------------------------------------+--------------------+--------------------+
; Option                                                                     ; Setting            ; Default Value      ;
+----------------------------------------------------------------------------+--------------------+--------------------+
; Device                                                                     ; EP2C5T144C8        ;                    ;
; Top-level entity name                                                      ; aes128_fast        ; aes-core           ;
; Family name                                                                ; Cyclone II         ; Cyclone IV GX      ;
; Use smart compilation                                                      ; Off                ; Off                ;
; Enable parallel Assembler and TimeQuest Timing Analyzer during compilation ; On                 ; On                 ;
; Enable compact report table                                                ; Off                ; Off                ;
; Restructure Multiplexers                                                   ; Auto               ; Auto               ;
; Create Debugging Nodes for IP Cores                                        ; Off                ; Off                ;
; Preserve fewer node names                                                  ; On                 ; On                 ;
; Disable OpenCore Plus hardware evaluation                                  ; Off                ; Off                ;
; Verilog Version                                                            ; Verilog_2001       ; Verilog_2001       ;
; VHDL Version                                                               ; VHDL_1993          ; VHDL_1993          ;
; State Machine Processing                                                   ; Auto               ; Auto               ;
; Safe State Machine                                                         ; Off                ; Off                ;
; Extract Verilog State Machines                                             ; On                 ; On                 ;
; Extract VHDL State Machines                                                ; On                 ; On                 ;
; Ignore Verilog initial constructs                                          ; Off                ; Off                ;
; Iteration limit for constant Verilog loops                                 ; 5000               ; 5000               ;
; Iteration limit for non-constant Verilog loops                             ; 250                ; 250                ;
; Add Pass-Through Logic to Inferred RAMs                                    ; On                 ; On                 ;
; Infer RAMs from Raw Logic                                                  ; On                 ; On                 ;
; Parallel Synthesis                                                         ; On                 ; On                 ;
; DSP Block Balancing                                                        ; Auto               ; Auto               ;
; NOT Gate Push-Back                                                         ; On                 ; On                 ;
; Power-Up Don't Care                                                        ; On                 ; On                 ;
; Remove Redundant Logic Cells                                               ; Off                ; Off                ;
; Remove Duplicate Registers                                                 ; On                 ; On                 ;
; Ignore CARRY Buffers                                                       ; Off                ; Off                ;
; Ignore CASCADE Buffers                                                     ; Off                ; Off                ;
; Ignore GLOBAL Buffers                                                      ; Off                ; Off                ;
; Ignore ROW GLOBAL Buffers                                                  ; Off                ; Off                ;
; Ignore LCELL Buffers                                                       ; Off                ; Off                ;
; Ignore SOFT Buffers                                                        ; On                 ; On                 ;
; Limit AHDL Integers to 32 Bits                                             ; Off                ; Off                ;
; Optimization Technique                                                     ; Balanced           ; Balanced           ;
; Carry Chain Length                                                         ; 70                 ; 70                 ;
; Auto Carry Chains                                                          ; On                 ; On                 ;
; Auto Open-Drain Pins                                                       ; On                 ; On                 ;
; Perform WYSIWYG Primitive Resynthesis                                      ; Off                ; Off                ;
; Auto ROM Replacement                                                       ; On                 ; On                 ;
; Auto RAM Replacement                                                       ; On                 ; On                 ;
; Auto Shift Register Replacement                                            ; Auto               ; Auto               ;
; Allow Shift Register Merging across Hierarchies                            ; Auto               ; Auto               ;
; Auto Clock Enable Replacement                                              ; On                 ; On                 ;
; Strict RAM Replacement                                                     ; Off                ; Off                ;
; Allow Synchronous Control Signals                                          ; On                 ; On                 ;
; Force Use of Synchronous Clear Signals                                     ; Off                ; Off                ;
; Auto RAM to Logic Cell Conversion                                          ; Off                ; Off                ;
; Auto Resource Sharing                                                      ; Off                ; Off                ;
; Allow Any RAM Size For Recognition                                         ; Off                ; Off                ;
; Allow Any ROM Size For Recognition                                         ; Off                ; Off                ;
; Allow Any Shift Register Size For Recognition                              ; Off                ; Off                ;
; Use LogicLock Constraints during Resource Balancing                        ; On                 ; On                 ;
; Ignore translate_off and synthesis_off directives                          ; Off                ; Off                ;
; Timing-Driven Synthesis                                                    ; Off                ; Off                ;
; Report Parameter Settings                                                  ; On                 ; On                 ;
; Report Source Assignments                                                  ; On                 ; On                 ;
; Report Connectivity Checks                                                 ; On                 ; On                 ;
; Ignore Maximum Fan-Out Assignments                                         ; Off                ; Off                ;
; Synchronization Register Chain Length                                      ; 2                  ; 2                  ;
; PowerPlay Power Optimization                                               ; Normal compilation ; Normal compilation ;
; HDL message level                                                          ; Level2             ; Level2             ;
; Suppress Register Optimization Related Messages                            ; Off                ; Off                ;
; Number of Removed Registers Reported in Synthesis Report                   ; 5000               ; 5000               ;
; Number of Swept Nodes Reported in Synthesis Report                         ; 5000               ; 5000               ;
; Number of Inverted Registers Reported in Synthesis Report                  ; 100                ; 100                ;
; Clock MUX Protection                                                       ; On                 ; On                 ;
; Auto Gated Clock Conversion                                                ; Off                ; Off                ;
; Block Design Naming                                                        ; Auto               ; Auto               ;
; SDC constraint protection                                                  ; Off                ; Off                ;
; Synthesis Effort                                                           ; Auto               ; Auto               ;
; Shift Register Replacement - Allow Asynchronous Clear Signal               ; On                 ; On                 ;
; Pre-Mapping Resynthesis Optimization                                       ; Off                ; Off                ;
; Analysis & Synthesis Message Level                                         ; Medium             ; Medium             ;
; Disable Register Merging Across Hierarchies                                ; Auto               ; Auto               ;
; Resource Aware Inference For Block RAM                                     ; On                 ; On                 ;
; Synthesis Seed                                                             ; 1                  ; 1                  ;
+----------------------------------------------------------------------------+--------------------+--------------------+


Parallel compilation was disabled, but you have multiple processors available. Enable parallel compilation to reduce compilation time.
+-------------------------------------+
; Parallel Compilation                ;
+----------------------------+--------+
; Processors                 ; Number ;
+----------------------------+--------+
; Number detected on machine ; 12     ;
; Maximum allowed            ; 1      ;
+----------------------------+--------+


+-----------------------------------------------------------------------------------------------------------------------------------+
; Analysis & Synthesis Source Files Read                                                                                            ;
+----------------------------------+-----------------+-----------------+--------------------------------------------------+---------+
; File Name with User-Entered Path ; Used in Netlist ; File Type       ; File Name with Absolute Path                     ; Library ;
+----------------------------------+-----------------+-----------------+--------------------------------------------------+---------+
; ../rtl/key_expander.vhd          ; yes             ; User VHDL File  ; /home/cylox/aes_crypto_core/rtl/key_expander.vhd ;         ;
; ../rtl/aes_package.vhd           ; yes             ; User VHDL File  ; /home/cylox/aes_crypto_core/rtl/aes_package.vhd  ;         ;
; ../rtl/aes128_fast.vhd           ; yes             ; User VHDL File  ; /home/cylox/aes_crypto_core/rtl/aes128_fast.vhd  ;         ;
+----------------------------------+-----------------+-----------------+--------------------------------------------------+---------+


+-----------------------------------------------------+
; Analysis & Synthesis Resource Usage Summary         ;
+---------------------------------------------+-------+
; Resource                                    ; Usage ;
+---------------------------------------------+-------+
; Estimated Total logic elements              ; 9,568 ;
;                                             ;       ;
; Total combinational functions               ; 9308  ;
; Logic element usage by number of LUT inputs ;       ;
;     -- 4 input functions                    ; 8875  ;
;     -- 3 input functions                    ; 352   ;
;     -- <=2 input functions                  ; 81    ;
;                                             ;       ;
; Logic elements by mode                      ;       ;
;     -- normal mode                          ; 9308  ;
;     -- arithmetic mode                      ; 0     ;
;                                             ;       ;
; Total registers                             ; 786   ;
;     -- Dedicated logic registers            ; 786   ;
;     -- I/O registers                        ; 0     ;
;                                             ;       ;
; I/O pins                                    ; 262   ;
; Embedded Multiplier 9-bit elements          ; 0     ;
; Maximum fan-out node                        ; mode  ;
; Maximum fan-out                             ; 1676  ;
; Total fan-out                               ; 39594 ;
; Average fan-out                             ; 3.82  ;
+---------------------------------------------+-------+


+------------------------------------------------------------------------------------------------------------------------------------------------------------------------------------------------+
; Analysis & Synthesis Resource Utilization by Entity                                                                                                                                            ;
+------------------------------+-------------------+--------------+-------------+--------------+---------+-----------+------+--------------+--------------------------------------+--------------+
; Compilation Hierarchy Node   ; LC Combinationals ; LC Registers ; Memory Bits ; DSP Elements ; DSP 9x9 ; DSP 18x18 ; Pins ; Virtual Pins ; Full Hierarchy Name                  ; Library Name ;
+------------------------------+-------------------+--------------+-------------+--------------+---------+-----------+------+--------------+--------------------------------------+--------------+
; |aes128_fast                 ; 9308 (8173)       ; 786 (650)    ; 0           ; 0            ; 0       ; 0         ; 262  ; 0            ; |aes128_fast                         ; work         ;
;    |key_expander:expand_key| ; 1135 (1135)       ; 136 (136)    ; 0           ; 0            ; 0       ; 0         ; 0    ; 0            ; |aes128_fast|key_expander:expand_key ; work         ;
+------------------------------+-------------------+--------------+-------------+--------------+---------+-----------+------+--------------+--------------------------------------+--------------+
Note: For table entries with two numbers listed, the numbers in parentheses indicate the number of resources of the given type used by the specific entity alone. The numbers listed outside of parentheses indicate the total resources of the given type used by the specific entity and all of its sub-entities in the hierarchy.


+------------------------------------------------------------------------------------------+
; Registers Removed During Synthesis                                                       ;
+----------------------------------------+-------------------------------------------------+
; Register name                          ; Reason for Removal                              ;
+----------------------------------------+-------------------------------------------------+
; key_expander:expand_key|w_i_nk3[0][7]  ; Merged with key_expander:expand_key|temp0[0][7] ;
; key_expander:expand_key|w_i_nk3[0][6]  ; Merged with key_expander:expand_key|temp0[0][6] ;
; key_expander:expand_key|w_i_nk3[0][5]  ; Merged with key_expander:expand_key|temp0[0][5] ;
; key_expander:expand_key|w_i_nk3[0][4]  ; Merged with key_expander:expand_key|temp0[0][4] ;
; key_expander:expand_key|w_i_nk3[0][3]  ; Merged with key_expander:expand_key|temp0[0][3] ;
; key_expander:expand_key|w_i_nk3[0][2]  ; Merged with key_expander:expand_key|temp0[0][2] ;
; key_expander:expand_key|w_i_nk3[0][1]  ; Merged with key_expander:expand_key|temp0[0][1] ;
; key_expander:expand_key|w_i_nk3[0][0]  ; Merged with key_expander:expand_key|temp0[0][0] ;
; key_expander:expand_key|w_i_nk3[1][7]  ; Merged with key_expander:expand_key|temp0[1][7] ;
; key_expander:expand_key|w_i_nk3[1][6]  ; Merged with key_expander:expand_key|temp0[1][6] ;
; key_expander:expand_key|w_i_nk3[1][5]  ; Merged with key_expander:expand_key|temp0[1][5] ;
; key_expander:expand_key|w_i_nk3[1][4]  ; Merged with key_expander:expand_key|temp0[1][4] ;
; key_expander:expand_key|w_i_nk3[1][3]  ; Merged with key_expander:expand_key|temp0[1][3] ;
; key_expander:expand_key|w_i_nk3[1][2]  ; Merged with key_expander:expand_key|temp0[1][2] ;
; key_expander:expand_key|w_i_nk3[1][1]  ; Merged with key_expander:expand_key|temp0[1][1] ;
; key_expander:expand_key|w_i_nk3[1][0]  ; Merged with key_expander:expand_key|temp0[1][0] ;
; key_expander:expand_key|w_i_nk3[2][7]  ; Merged with key_expander:expand_key|temp0[2][7] ;
; key_expander:expand_key|w_i_nk3[2][6]  ; Merged with key_expander:expand_key|temp0[2][6] ;
; key_expander:expand_key|w_i_nk3[2][5]  ; Merged with key_expander:expand_key|temp0[2][5] ;
; key_expander:expand_key|w_i_nk3[2][4]  ; Merged with key_expander:expand_key|temp0[2][4] ;
; key_expander:expand_key|w_i_nk3[2][3]  ; Merged with key_expander:expand_key|temp0[2][3] ;
; key_expander:expand_key|w_i_nk3[2][2]  ; Merged with key_expander:expand_key|temp0[2][2] ;
; key_expander:expand_key|w_i_nk3[2][1]  ; Merged with key_expander:expand_key|temp0[2][1] ;
; key_expander:expand_key|w_i_nk3[2][0]  ; Merged with key_expander:expand_key|temp0[2][0] ;
; key_expander:expand_key|w_i_nk3[3][7]  ; Merged with key_expander:expand_key|temp0[3][7] ;
; key_expander:expand_key|w_i_nk3[3][6]  ; Merged with key_expander:expand_key|temp0[3][6] ;
; key_expander:expand_key|w_i_nk3[3][5]  ; Merged with key_expander:expand_key|temp0[3][5] ;
; key_expander:expand_key|w_i_nk3[3][4]  ; Merged with key_expander:expand_key|temp0[3][4] ;
; key_expander:expand_key|w_i_nk3[3][3]  ; Merged with key_expander:expand_key|temp0[3][3] ;
; key_expander:expand_key|w_i_nk3[3][2]  ; Merged with key_expander:expand_key|temp0[3][2] ;
; key_expander:expand_key|w_i_nk3[3][1]  ; Merged with key_expander:expand_key|temp0[3][1] ;
; key_expander:expand_key|w_i_nk3[3][0]  ; Merged with key_expander:expand_key|temp0[3][0] ;
; Total Number of Removed Registers = 32 ;                                                 ;
+----------------------------------------+-------------------------------------------------+


+------------------------------------------------------+
; General Register Statistics                          ;
+----------------------------------------------+-------+
; Statistic                                    ; Value ;
+----------------------------------------------+-------+
; Total registers                              ; 786   ;
; Number of registers using Synchronous Clear  ; 0     ;
; Number of registers using Synchronous Load   ; 0     ;
; Number of registers using Asynchronous Clear ; 786   ;
; Number of registers using Asynchronous Load  ; 0     ;
; Number of registers using Clock Enable       ; 389   ;
; Number of registers using Preset             ; 0     ;
+----------------------------------------------+-------+


+-----------------------------------------------------------------------------------------------------------------------------------------------+
; Multiplexer Restructuring Statistics (Restructuring Performed)                                                                                ;
+--------------------+-----------+---------------+----------------------+------------------------+------------+---------------------------------+
; Multiplexer Inputs ; Bus Width ; Baseline Area ; Area if Restructured ; Saving if Restructured ; Registered ; Example Multiplexer Output      ;
+--------------------+-----------+---------------+----------------------+------------------------+------------+---------------------------------+
; 3:1                ; 128 bits  ; 256 LEs       ; 256 LEs              ; 0 LEs                  ; No         ; |aes128_fast|pr_data_1[3][2]    ;
; 4:1                ; 128 bits  ; 256 LEs       ; 256 LEs              ; 0 LEs                  ; No         ; |aes128_fast|key_select_3[3][3] ;
+--------------------+-----------+---------------+----------------------+------------------------+------------+---------------------------------+


+-----------------------------------------------------+
; Port Connectivity Checks: "key_expander:expand_key" ;
+--------------+-------+----------+-------------------+
; Port         ; Type  ; Severity ; Details           ;
+--------------+-------+----------+-------------------+
; count[31..4] ; Input ; Info     ; Stuck at GND      ;
+--------------+-------+----------+-------------------+


+-------------------------------+
; Elapsed Time Per Partition    ;
+----------------+--------------+
; Partition Name ; Elapsed Time ;
+----------------+--------------+
; Top            ; 00:02:11     ;
+----------------+--------------+


+-------------------------------+
; Analysis & Synthesis Messages ;
+-------------------------------+
Info: *******************************************************************
Info: Running Quartus II 32-bit Analysis & Synthesis
    Info: Version 13.0.1 Build 232 06/12/2013 Service Pack 1 SJ Web Edition
    Info: Processing started: Thu Jun  9 14:30:50 2022
Info: Command: quartus_map --read_settings_files=on --write_settings_files=off aes-core -c aes-core
Warning (20028): Parallel compilation is not licensed and has been disabled
Info (12021): Found 2 design units, including 1 entities, in source file /home/cylox/aes_crypto_core/tb/aes_tester.vhd
    Info (12022): Found design unit 1: aes_tester-behavioral
    Info (12023): Found entity 1: aes_tester
Info (12021): Found 2 design units, including 0 entities, in source file /home/cylox/aes_crypto_core/tb/aes_tb_package.vhd
    Info (12022): Found design unit 1: aes_tb_package
    Info (12022): Found design unit 2: aes_tb_package-body
Info (12021): Found 2 design units, including 1 entities, in source file /home/cylox/aes_crypto_core/rtl/key_expander.vhd
    Info (12022): Found design unit 1: key_expander-expansion
    Info (12023): Found entity 1: key_expander
Info (12021): Found 2 design units, including 0 entities, in source file /home/cylox/aes_crypto_core/rtl/aes_package.vhd
    Info (12022): Found design unit 1: aes_package
    Info (12022): Found design unit 2: aes_package-body
Info (12021): Found 2 design units, including 1 entities, in source file /home/cylox/aes_crypto_core/rtl/aes128_fast.vhd
    Info (12022): Found design unit 1: aes128_fast-mapping
    Info (12023): Found entity 1: aes128_fast
Info (12127): Elaborating entity "aes128_fast" for the top level hierarchy
Info (12128): Elaborating entity "key_expander" for hierarchy "key_expander:expand_key"
Info (276014): Found 8 instances of uninferred RAM logic
    Info (276007): RAM logic "key_expander:expand_key|Ram5" is uninferred due to asynchronous read logic
    Info (276007): RAM logic "key_expander:expand_key|Ram1" is uninferred due to asynchronous read logic
    Info (276007): RAM logic "key_expander:expand_key|Ram7" is uninferred due to asynchronous read logic
    Info (276007): RAM logic "key_expander:expand_key|Ram3" is uninferred due to asynchronous read logic
    Info (276007): RAM logic "key_expander:expand_key|Ram4" is uninferred due to asynchronous read logic
    Info (276007): RAM logic "key_expander:expand_key|Ram0" is uninferred due to asynchronous read logic
    Info (276007): RAM logic "key_expander:expand_key|Ram6" is uninferred due to asynchronous read logic
    Info (276007): RAM logic "key_expander:expand_key|Ram2" is uninferred due to asynchronous read logic
Info (16010): Generating hard_block partition "hard_block:auto_generated_inst"
    Info (16011): Adding 0 node(s), including 0 DDIO, 0 PLL, 0 transceiver and 0 LCELL
Info (21057): Implemented 10081 device resources after synthesis - the final resource count might be different
    Info (21058): Implemented 133 input pins
    Info (21059): Implemented 129 output pins
    Info (21061): Implemented 9819 logic cells
Info: Quartus II 32-bit Analysis & Synthesis was successful. 0 errors, 1 warning
    Info: Peak virtual memory: 390 megabytes
    Info: Processing ended: Thu Jun  9 14:33:04 2022
    Info: Elapsed time: 00:02:14
    Info: Total CPU time (on all processors): 00:02:14


